# JRE version: Java(TM) SE Runtime Environment (8.0_66-b18) (build 1.8.0_66-b18)
# Java VM: Java HotSpot(TM) 64-Bit Server VM (25.66-b18 mixed mode windows-amd64 compressed oops)
Heap:
 PSYoungGen      total 51712K, used 6487K [0x00000007bc400000, 0x00000007c0000000, 0x00000007c0000000)
  eden space 41984K, 4% used [0x00000007bc400000,0x00000007bc5d1bd8,0x00000007bed00000)
  from space 9728K, 47% used [0x00000007bed00000,0x00000007bf184030,0x00000007bf680000)
  to   space 9216K, 0% used [0x00000007bf700000,0x00000007bf700000,0x00000007c0000000)
 ParOldGen       total 239616K, used 84949K [0x0000000700000000, 0x000000070ea00000, 0x00000007bc400000)
  object space 239616K, 35% used [0x0000000700000000,0x00000007052f5650,0x000000070ea00000)
 Metaspace       used 64522K, capacity 65411K, committed 65920K, reserved 1105920K
  class space    used 8636K, capacity 8809K, committed 8832K, reserved 1048576K
GC Heap History (10 events):
Event: 3605.679 GC heap before
{Heap before GC invocations=1358 (full 91):
 PSYoungGen      total 52224K, used 10102K [0x00000007bc400000, 0x00000007c0000000, 0x00000007c0000000)
  eden space 43008K, 10% used [0x00000007bc400000,0x00000007bc842ca0,0x00000007bee00000)
  from space 9216K, 62% used [0x00000007bf700000,0x00000007bfc9ae80,0x00000007c0000000)
  to   space 9216K, 0% used [0x00000007bee00000,0x00000007bee00000,0x00000007bf700000)
 ParOldGen       total 239616K, used 82370K [0x0000000700000000, 0x000000070ea00000, 0x00000007bc400000)
  object space 239616K, 34% used [0x0000000700000000,0x0000000705070ab0,0x000000070ea00000)
 Metaspace       used 64521K, capacity 65411K, committed 65920K, reserved 1105920K
  class space    used 8636K, capacity 8809K, committed 8832K, reserved 1048576K
Event: 3605.688 GC heap after
Heap after GC invocations=1358 (full 91):
 PSYoungGen      total 52224K, used 5404K [0x00000007bc400000, 0x00000007c0000000, 0x00000007c0000000)
  eden space 43008K, 0% used [0x00000007bc400000,0x00000007bc400000,0x00000007bee00000)
  from space 9216K, 58% used [0x00000007bee00000,0x00000007bf347350,0x00000007bf700000)
  to   space 8704K, 0% used [0x00000007bf780000,0x00000007bf780000,0x00000007c0000000)
 ParOldGen       total 239616K, used 82678K [0x0000000700000000, 0x000000070ea00000, 0x00000007bc400000)
  object space 239616K, 34% used [0x0000000700000000,0x00000007050bdae0,0x000000070ea00000)
 Metaspace       used 64521K, capacity 65411K, committed 65920K, reserved 1105920K
  class space    used 8636K, capacity 8809K, committed 8832K, reserved 1048576K
}
Event: 3605.778 GC heap before
{Heap before GC invocations=1359 (full 91):
 PSYoungGen      total 52224K, used 15182K [0x00000007bc400000, 0x00000007c0000000, 0x00000007c0000000)
  eden space 43008K, 22% used [0x00000007bc400000,0x00000007bcd8c638,0x00000007bee00000)
  from space 9216K, 58% used [0x00000007bee00000,0x00000007bf347350,0x00000007bf700000)
  to   space 8704K, 0% used [0x00000007bf780000,0x00000007bf780000,0x00000007c0000000)
 ParOldGen       total 239616K, used 82678K [0x0000000700000000, 0x000000070ea00000, 0x00000007bc400000)
  object space 239616K, 34% used [0x0000000700000000,0x00000007050bdae0,0x000000070ea00000)
 Metaspace       used 64521K, capacity 65411K, committed 65920K, reserved 1105920K
  class space    used 8636K, capacity 8809K, committed 8832K, reserved 1048576K
Event: 3605.786 GC heap after
Heap after GC invocations=1359 (full 91):
 PSYoungGen      total 52736K, used 3429K [0x00000007bc400000, 0x00000007c0000000, 0x00000007c0000000)
  eden space 44032K, 0% used [0x00000007bc400000,0x00000007bc400000,0x00000007bef00000)
  from space 8704K, 39% used [0x00000007bf780000,0x00000007bfad95b8,0x00000007c0000000)
  to   space 8704K, 0% used [0x00000007bef00000,0x00000007bef00000,0x00000007bf780000)
 ParOldGen       total 239616K, used 84621K [0x0000000700000000, 0x000000070ea00000, 0x00000007bc400000)
  object space 239616K, 35% used [0x0000000700000000,0x00000007052a3748,0x000000070ea00000)
 Metaspace       used 64521K, capacity 65411K, committed 65920K, reserved 1105920K
  class space    used 8636K, capacity 8809K, committed 8832K, reserved 1048576K
}
Event: 3605.846 GC heap before
{Heap before GC invocations=1360 (full 91):
 PSYoungGen      total 52736K, used 7989K [0x00000007bc400000, 0x00000007c0000000, 0x00000007c0000000)
  eden space 44032K, 10% used [0x00000007bc400000,0x00000007bc873f60,0x00000007bef00000)
  from space 8704K, 39% used [0x00000007bf780000,0x00000007bfad95b8,0x00000007c0000000)
  to   space 8704K, 0% used [0x00000007bef00000,0x00000007bef00000,0x00000007bf780000)
 ParOldGen       total 239616K, used 84621K [0x0000000700000000, 0x000000070ea00000, 0x00000007bc400000)
  object space 239616K, 35% used [0x0000000700000000,0x00000007052a3748,0x000000070ea00000)
 Metaspace       used 64521K, capacity 65411K, committed 65920K, reserved 1105920K
  class space    used 8636K, capacity 8809K, committed 8832K, reserved 1048576K
Event: 3605.850 GC heap after
Heap after GC invocations=1360 (full 91):
 PSYoungGen      total 52736K, used 8461K [0x00000007bc400000, 0x00000007c0000000, 0x00000007c0000000)
  eden space 44032K, 0% used [0x00000007bc400000,0x00000007bc400000,0x00000007bef00000)
  from space 8704K, 97% used [0x00000007bef00000,0x00000007bf7434b8,0x00000007bf780000)
  to   space 8704K, 0% used [0x00000007bf780000,0x00000007bf780000,0x00000007c0000000)
 ParOldGen       total 239616K, used 84877K [0x0000000700000000, 0x000000070ea00000, 0x00000007bc400000)
  object space 239616K, 35% used [0x0000000700000000,0x00000007052e3650,0x000000070ea00000)
 Metaspace       used 64521K, capacity 65411K, committed 65920K, reserved 1105920K
  class space    used 8636K, capacity 8809K, committed 8832K, reserved 1048576K
}
Event: 3610.023 GC heap before
{Heap before GC invocations=1361 (full 91):
 PSYoungGen      total 52736K, used 52493K [0x00000007bc400000, 0x00000007c0000000, 0x00000007c0000000)
  eden space 44032K, 100% used [0x00000007bc400000,0x00000007bef00000,0x00000007bef00000)
  from space 8704K, 97% used [0x00000007bef00000,0x00000007bf7434b8,0x00000007bf780000)
  to   space 8704K, 0% used [0x00000007bf780000,0x00000007bf780000,0x00000007c0000000)
 ParOldGen       total 239616K, used 84877K [0x0000000700000000, 0x000000070ea00000, 0x00000007bc400000)
  object space 239616K, 35% used [0x0000000700000000,0x00000007052e3650,0x000000070ea00000)
 Metaspace       used 64521K, capacity 65411K, committed 65920K, reserved 1105920K
  class space    used 8636K, capacity 8809K, committed 8832K, reserved 1048576K
Event: 3610.028 GC heap after
Heap after GC invocations=1361 (full 91):
 PSYoungGen      total 50688K, used 4052K [0x00000007bc400000, 0x00000007c0000000, 0x00000007c0000000)
  eden space 41984K, 0% used [0x00000007bc400000,0x00000007bc400000,0x00000007bed00000)
  from space 8704K, 46% used [0x00000007bf780000,0x00000007bfb75270,0x00000007c0000000)
  to   space 9728K, 0% used [0x00000007bed00000,0x00000007bed00000,0x00000007bf680000)
 ParOldGen       total 239616K, used 84949K [0x0000000700000000, 0x000000070ea00000, 0x00000007bc400000)
  object space 239616K, 35% used [0x0000000700000000,0x00000007052f5650,0x000000070ea00000)
 Metaspace       used 64521K, capacity 65411K, committed 65920K, reserved 1105920K
  class space    used 8636K, capacity 8809K, committed 8832K, reserved 1048576K
}
Event: 3639.409 GC heap before
{Heap before GC invocations=1362 (full 91):
 PSYoungGen      total 50688K, used 46036K [0x00000007bc400000, 0x00000007c0000000, 0x00000007c0000000)
  eden space 41984K, 100% used [0x00000007bc400000,0x00000007bed00000,0x00000007bed00000)
  from space 8704K, 46% used [0x00000007bf780000,0x00000007bfb75270,0x00000007c0000000)
  to   space 9728K, 0% used [0x00000007bed00000,0x00000007bed00000,0x00000007bf680000)
 ParOldGen       total 239616K, used 84949K [0x0000000700000000, 0x000000070ea00000, 0x00000007bc400000)
  object space 239616K, 35% used [0x0000000700000000,0x00000007052f5650,0x000000070ea00000)
 Metaspace       used 64522K, capacity 65411K, committed 65920K, reserved 1105920K
  class space    used 8636K, capacity 8809K, committed 8832K, reserved 1048576K
Event: 3639.417 GC heap after
Heap after GC invocations=1362 (full 91):
 PSYoungGen      total 51712K, used 4624K [0x00000007bc400000, 0x00000007c0000000, 0x00000007c0000000)
  eden space 41984K, 0% used [0x00000007bc400000,0x00000007bc400000,0x00000007bed00000)
  from space 9728K, 47% used [0x00000007bed00000,0x00000007bf184030,0x00000007bf680000)
  to   space 9216K, 0% used [0x00000007bf700000,0x00000007bf700000,0x00000007c0000000)
 ParOldGen       total 239616K, used 84949K [0x0000000700000000, 0x000000070ea00000, 0x00000007bc400000)
  object space 239616K, 35% used [0x0000000700000000,0x00000007052f5650,0x000000070ea00000)
 Metaspace       used 64522K, capacity 65411K, committed 65920K, reserved 1105920K
  class space    used 8636K, capacity 8809K, committed 8832K, reserved 1048576K
}

